<?xml version="1.0" encoding="UTF-8"?>
<!-- Generated by org.testng.reporters.JUnitReportReporter -->
<testsuite hostname="DESKTOP-28CLGRH" failures="0" tests="1" name="AshBrokerage.test.Dashboard_page_test" time="0.000" errors="0" timestamp="2023-12-12T14:45:44 IST" skipped="1">
  <testcase classname="AshBrokerage.test.Dashboard_page_test" name="demo_mode_selected" time="0.000">
    <skipped/>
  </testcase> <!-- demo_mode_selected -->
  <system-out/>
</testsuite> <!-- AshBrokerage.test.Dashboard_page_test -->
