<?xml version="1.0" encoding="UTF-8"?>
<!-- Generated by org.testng.reporters.JUnitReportReporter -->
<testsuite hostname="DESKTOP-28CLGRH" failures="0" tests="1" name="AshBrokerage.test.ProductSelectionJourney" time="0.000" errors="0" timestamp="2023-12-20T18:16:56 IST" skipped="1">
  <testcase classname="AshBrokerage.test.ProductSelectionJourney" name="productselection" time="0.000">
    <skipped/>
  </testcase> <!-- productselection -->
  <system-out/>
</testsuite> <!-- AshBrokerage.test.ProductSelectionJourney -->
