<?xml version="1.0" encoding="UTF-8"?>
<!-- Generated by org.testng.reporters.JUnitReportReporter -->
<testsuite hostname="DESKTOP-28CLGRH" failures="0" tests="9" name="AshBrokerage.test.LoginPage_test" time="90.977" errors="0" timestamp="2024-02-07T10:16:31 IST" skipped="6">
  <testcase classname="AshBrokerage.test.LoginPage_test" name="sendBlankDataOnPreUnderwritingPage" time="49.096"/>
  <system-out/>
  <testcase classname="AshBrokerage.test.LoginPage_test" name="login" time="18.494"/>
  <system-out/>
  <testcase classname="AshBrokerage.test.LoginPage_test" name="clickOnClientButton" time="23.387"/>
  <system-out/>
  <testcase classname="AshBrokerage.test.LoginPage_test" name="verifyHeadline">
    <skipped/>
  </testcase> <!-- verifyHeadline -->
  <system-out/>
  <testcase classname="AshBrokerage.test.LoginPage_test" name="pacificLifeJourney">
    <skipped/>
  </testcase> <!-- pacificLifeJourney -->
  <system-out/>
  <testcase classname="AshBrokerage.test.LoginPage_test" name="corebridgeJourney">
    <skipped/>
  </testcase> <!-- corebridgeJourney -->
  <system-out/>
  <testcase classname="AshBrokerage.test.LoginPage_test" name="verifyLogoOnLoginPage">
    <skipped/>
  </testcase> <!-- verifyLogoOnLoginPage -->
  <system-out/>
  <testcase classname="AshBrokerage.test.LoginPage_test" name="verifiedLogo">
    <skipped/>
  </testcase> <!-- verifiedLogo -->
  <system-out/>
  <testcase classname="AshBrokerage.test.LoginPage_test" name="protectiveJourney">
    <skipped/>
  </testcase> <!-- protectiveJourney -->
  <system-out/>
</testsuite> <!-- AshBrokerage.test.LoginPage_test -->
